<?xml version="1.0" encoding="utf-8"?><testsuites name="pytest tests"><testsuite name="pytest" errors="0" failures="0" skipped="0" tests="10" time="2.377" timestamp="2026-07-16T20:21:20.634931+00:00" hostname="agent-env-13c68daf-cbd6-4cf1-b97d-abe24e7e2607"><testcase classname="tests.backend_test.TestContact" name="test_create_contact_success" time="0.260" /><testcase classname="tests.backend_test.TestHealth" name="test_root_hello_world" time="0.317" /><testcase classname="tests.backend_test.TestContact" name="test_list_contacts_contains_created" time="0.104" /><testcase classname="tests.backend_test.TestStatus" name="test_status_post_and_get" time="0.158" /><testcase classname="tests.backend_test.TestContact" name="test_list_newest_first" time="1.257" /><testcase classname="tests.backend_test.TestContact" name="test_create_contact_invalid_email_returns_422" time="0.058" /><testcase classname="tests.backend_test.TestContact" name="test_create_contact_missing_name_returns_422" time="0.048" /><testcase classname="tests.backend_test.TestContact" name="test_create_contact_missing_message_returns_422" time="0.049" /><testcase classname="tests.backend_test.TestContact" name="test_create_contact_empty_name_returns_422" time="0.050" /><testcase classname="tests.backend_test.TestContact" name="test_create_contact_subject_optional_ok" time="0.052" /></testsuite></testsuites>